The system is: Darwin - 13.1.0 - i386
Compiling the C compiler identification source file "CMakeCCompilerId.c" succeeded.
Compiler: /usr/bin/cc 
Build flags: 
Id flags: 

The output was:
0


Compilation of the C compiler identification source "CMakeCCompilerId.c" produced "a.out"

The C compiler identification is Clang, found in "/Users/kareth/code/studia/piro/caffe/CMakeFiles/2.8.12.2/CompilerIdC/a.out"

Compiling the CXX compiler identification source file "CMakeCXXCompilerId.cpp" succeeded.
Compiler: /usr/bin/c++ 
Build flags: 
Id flags: 

The output was:
0


Compilation of the CXX compiler identification source "CMakeCXXCompilerId.cpp" produced "a.out"

The CXX compiler identification is Clang, found in "/Users/kareth/code/studia/piro/caffe/CMakeFiles/2.8.12.2/CompilerIdCXX/a.out"

Determining if the C compiler works passed with the following output:
Change Dir: /Users/kareth/code/studia/piro/caffe/CMakeFiles/CMakeTmp

Run Build Command:/usr/bin/make "cmTryCompileExec1318301979/fast"
/Applications/Xcode.app/Contents/Developer/usr/bin/make -f CMakeFiles/cmTryCompileExec1318301979.dir/build.make CMakeFiles/cmTryCompileExec1318301979.dir/build
/usr/local/Cellar/cmake/2.8.12.2/bin/cmake -E cmake_progress_report /Users/kareth/code/studia/piro/caffe/CMakeFiles/CMakeTmp/CMakeFiles 1
Building C object CMakeFiles/cmTryCompileExec1318301979.dir/testCCompiler.c.o
/usr/bin/cc    -o CMakeFiles/cmTryCompileExec1318301979.dir/testCCompiler.c.o   -c /Users/kareth/code/studia/piro/caffe/CMakeFiles/CMakeTmp/testCCompiler.c
Linking C executable cmTryCompileExec1318301979
/usr/local/Cellar/cmake/2.8.12.2/bin/cmake -E cmake_link_script CMakeFiles/cmTryCompileExec1318301979.dir/link.txt --verbose=1
/usr/bin/cc    -Wl,-search_paths_first -Wl,-headerpad_max_install_names   CMakeFiles/cmTryCompileExec1318301979.dir/testCCompiler.c.o  -o cmTryCompileExec1318301979  


Detecting C compiler ABI info compiled with the following output:
Change Dir: /Users/kareth/code/studia/piro/caffe/CMakeFiles/CMakeTmp

Run Build Command:/usr/bin/make "cmTryCompileExec1489103007/fast"
/Applications/Xcode.app/Contents/Developer/usr/bin/make -f CMakeFiles/cmTryCompileExec1489103007.dir/build.make CMakeFiles/cmTryCompileExec1489103007.dir/build
/usr/local/Cellar/cmake/2.8.12.2/bin/cmake -E cmake_progress_report /Users/kareth/code/studia/piro/caffe/CMakeFiles/CMakeTmp/CMakeFiles 1
Building C object CMakeFiles/cmTryCompileExec1489103007.dir/CMakeCCompilerABI.c.o
/usr/bin/cc    -o CMakeFiles/cmTryCompileExec1489103007.dir/CMakeCCompilerABI.c.o   -c /usr/local/Cellar/cmake/2.8.12.2/share/cmake/Modules/CMakeCCompilerABI.c
Linking C executable cmTryCompileExec1489103007
/usr/local/Cellar/cmake/2.8.12.2/bin/cmake -E cmake_link_script CMakeFiles/cmTryCompileExec1489103007.dir/link.txt --verbose=1
/usr/bin/cc    -Wl,-search_paths_first -Wl,-headerpad_max_install_names -v -Wl,-v CMakeFiles/cmTryCompileExec1489103007.dir/CMakeCCompilerABI.c.o  -o cmTryCompileExec1489103007   
Apple LLVM version 5.1 (clang-503.0.40) (based on LLVM 3.4svn)
Target: x86_64-apple-darwin13.1.0
Thread model: posix
 "/Applications/Xcode.app/Contents/Developer/Toolchains/XcodeDefault.xctoolchain/usr/bin/ld" -demangle -dynamic -arch x86_64 -macosx_version_min 10.9.0 -o cmTryCompileExec1489103007 -search_paths_first -headerpad_max_install_names -v CMakeFiles/cmTryCompileExec1489103007.dir/CMakeCCompilerABI.c.o -lSystem /Applications/Xcode.app/Contents/Developer/Toolchains/XcodeDefault.xctoolchain/usr/bin/../lib/clang/5.1/lib/darwin/libclang_rt.osx.a
@(#)PROGRAM:ld  PROJECT:ld64-236.4
configured to support archs: armv6 armv7 armv7s arm64 i386 x86_64 armv6m armv7m armv7em
Library search paths:
	/usr/lib
	/usr/local/lib
Framework search paths:
	/Library/Frameworks/
	/System/Library/Frameworks/


Parsed C implicit link information from above output:
  link line regex: [^( *|.*[/\])(ld|([^/\]+-)?ld|collect2)[^/\]*( |$)]
  ignore line: [Change Dir: /Users/kareth/code/studia/piro/caffe/CMakeFiles/CMakeTmp]
  ignore line: []
  ignore line: [Run Build Command:/usr/bin/make "cmTryCompileExec1489103007/fast"]
  ignore line: [/Applications/Xcode.app/Contents/Developer/usr/bin/make -f CMakeFiles/cmTryCompileExec1489103007.dir/build.make CMakeFiles/cmTryCompileExec1489103007.dir/build]
  ignore line: [/usr/local/Cellar/cmake/2.8.12.2/bin/cmake -E cmake_progress_report /Users/kareth/code/studia/piro/caffe/CMakeFiles/CMakeTmp/CMakeFiles 1]
  ignore line: [Building C object CMakeFiles/cmTryCompileExec1489103007.dir/CMakeCCompilerABI.c.o]
  ignore line: [/usr/bin/cc    -o CMakeFiles/cmTryCompileExec1489103007.dir/CMakeCCompilerABI.c.o   -c /usr/local/Cellar/cmake/2.8.12.2/share/cmake/Modules/CMakeCCompilerABI.c]
  ignore line: [Linking C executable cmTryCompileExec1489103007]
  ignore line: [/usr/local/Cellar/cmake/2.8.12.2/bin/cmake -E cmake_link_script CMakeFiles/cmTryCompileExec1489103007.dir/link.txt --verbose=1]
  ignore line: [/usr/bin/cc    -Wl,-search_paths_first -Wl,-headerpad_max_install_names -v -Wl,-v CMakeFiles/cmTryCompileExec1489103007.dir/CMakeCCompilerABI.c.o  -o cmTryCompileExec1489103007   ]
  ignore line: [Apple LLVM version 5.1 (clang-503.0.40) (based on LLVM 3.4svn)]
  ignore line: [Target: x86_64-apple-darwin13.1.0]
  ignore line: [Thread model: posix]
  link line: [ "/Applications/Xcode.app/Contents/Developer/Toolchains/XcodeDefault.xctoolchain/usr/bin/ld" -demangle -dynamic -arch x86_64 -macosx_version_min 10.9.0 -o cmTryCompileExec1489103007 -search_paths_first -headerpad_max_install_names -v CMakeFiles/cmTryCompileExec1489103007.dir/CMakeCCompilerABI.c.o -lSystem /Applications/Xcode.app/Contents/Developer/Toolchains/XcodeDefault.xctoolchain/usr/bin/../lib/clang/5.1/lib/darwin/libclang_rt.osx.a]
    arg [/Applications/Xcode.app/Contents/Developer/Toolchains/XcodeDefault.xctoolchain/usr/bin/ld] ==> ignore
    arg [-demangle] ==> ignore
    arg [-dynamic] ==> ignore
    arg [-arch] ==> ignore
    arg [x86_64] ==> ignore
    arg [-macosx_version_min] ==> ignore
    arg [10.9.0] ==> ignore
    arg [-o] ==> ignore
    arg [cmTryCompileExec1489103007] ==> ignore
    arg [-search_paths_first] ==> ignore
    arg [-headerpad_max_install_names] ==> ignore
    arg [-v] ==> ignore
    arg [CMakeFiles/cmTryCompileExec1489103007.dir/CMakeCCompilerABI.c.o] ==> ignore
    arg [-lSystem] ==> lib [System]
    arg [/Applications/Xcode.app/Contents/Developer/Toolchains/XcodeDefault.xctoolchain/usr/bin/../lib/clang/5.1/lib/darwin/libclang_rt.osx.a] ==> lib [/Applications/Xcode.app/Contents/Developer/Toolchains/XcodeDefault.xctoolchain/usr/bin/../lib/clang/5.1/lib/darwin/libclang_rt.osx.a]
  Library search paths: [;/usr/lib;/usr/local/lib]
  Framework search paths: [;/Library/Frameworks/;/System/Library/Frameworks/]
  remove lib [System]
  collapse lib [/Applications/Xcode.app/Contents/Developer/Toolchains/XcodeDefault.xctoolchain/usr/bin/../lib/clang/5.1/lib/darwin/libclang_rt.osx.a] ==> [/Applications/Xcode.app/Contents/Developer/Toolchains/XcodeDefault.xctoolchain/usr/lib/clang/5.1/lib/darwin/libclang_rt.osx.a]
  collapse library dir [/usr/lib] ==> [/usr/lib]
  collapse library dir [/usr/local/lib] ==> [/usr/local/lib]
  collapse framework dir [/Library/Frameworks/] ==> [/Library/Frameworks]
  collapse framework dir [/System/Library/Frameworks/] ==> [/System/Library/Frameworks]
  implicit libs: [/Applications/Xcode.app/Contents/Developer/Toolchains/XcodeDefault.xctoolchain/usr/lib/clang/5.1/lib/darwin/libclang_rt.osx.a]
  implicit dirs: [/usr/lib;/usr/local/lib]
  implicit fwks: [/Library/Frameworks;/System/Library/Frameworks]


Determining if the CXX compiler works passed with the following output:
Change Dir: /Users/kareth/code/studia/piro/caffe/CMakeFiles/CMakeTmp

Run Build Command:/usr/bin/make "cmTryCompileExec2437243255/fast"
/Applications/Xcode.app/Contents/Developer/usr/bin/make -f CMakeFiles/cmTryCompileExec2437243255.dir/build.make CMakeFiles/cmTryCompileExec2437243255.dir/build
/usr/local/Cellar/cmake/2.8.12.2/bin/cmake -E cmake_progress_report /Users/kareth/code/studia/piro/caffe/CMakeFiles/CMakeTmp/CMakeFiles 1
Building CXX object CMakeFiles/cmTryCompileExec2437243255.dir/testCXXCompiler.cxx.o
/usr/bin/c++     -o CMakeFiles/cmTryCompileExec2437243255.dir/testCXXCompiler.cxx.o -c /Users/kareth/code/studia/piro/caffe/CMakeFiles/CMakeTmp/testCXXCompiler.cxx
Linking CXX executable cmTryCompileExec2437243255
/usr/local/Cellar/cmake/2.8.12.2/bin/cmake -E cmake_link_script CMakeFiles/cmTryCompileExec2437243255.dir/link.txt --verbose=1
/usr/bin/c++     -Wl,-search_paths_first -Wl,-headerpad_max_install_names   CMakeFiles/cmTryCompileExec2437243255.dir/testCXXCompiler.cxx.o  -o cmTryCompileExec2437243255  


Detecting CXX compiler ABI info compiled with the following output:
Change Dir: /Users/kareth/code/studia/piro/caffe/CMakeFiles/CMakeTmp

Run Build Command:/usr/bin/make "cmTryCompileExec3477046621/fast"
/Applications/Xcode.app/Contents/Developer/usr/bin/make -f CMakeFiles/cmTryCompileExec3477046621.dir/build.make CMakeFiles/cmTryCompileExec3477046621.dir/build
/usr/local/Cellar/cmake/2.8.12.2/bin/cmake -E cmake_progress_report /Users/kareth/code/studia/piro/caffe/CMakeFiles/CMakeTmp/CMakeFiles 1
Building CXX object CMakeFiles/cmTryCompileExec3477046621.dir/CMakeCXXCompilerABI.cpp.o
/usr/bin/c++     -o CMakeFiles/cmTryCompileExec3477046621.dir/CMakeCXXCompilerABI.cpp.o -c /usr/local/Cellar/cmake/2.8.12.2/share/cmake/Modules/CMakeCXXCompilerABI.cpp
Linking CXX executable cmTryCompileExec3477046621
/usr/local/Cellar/cmake/2.8.12.2/bin/cmake -E cmake_link_script CMakeFiles/cmTryCompileExec3477046621.dir/link.txt --verbose=1
/usr/bin/c++     -Wl,-search_paths_first -Wl,-headerpad_max_install_names -v -Wl,-v CMakeFiles/cmTryCompileExec3477046621.dir/CMakeCXXCompilerABI.cpp.o  -o cmTryCompileExec3477046621   
Apple LLVM version 5.1 (clang-503.0.40) (based on LLVM 3.4svn)
Target: x86_64-apple-darwin13.1.0
Thread model: posix
 "/Applications/Xcode.app/Contents/Developer/Toolchains/XcodeDefault.xctoolchain/usr/bin/ld" -demangle -dynamic -arch x86_64 -macosx_version_min 10.9.0 -o cmTryCompileExec3477046621 -search_paths_first -headerpad_max_install_names -v CMakeFiles/cmTryCompileExec3477046621.dir/CMakeCXXCompilerABI.cpp.o -lc++ -lSystem /Applications/Xcode.app/Contents/Developer/Toolchains/XcodeDefault.xctoolchain/usr/bin/../lib/clang/5.1/lib/darwin/libclang_rt.osx.a
@(#)PROGRAM:ld  PROJECT:ld64-236.4
configured to support archs: armv6 armv7 armv7s arm64 i386 x86_64 armv6m armv7m armv7em
Library search paths:
	/usr/lib
	/usr/local/lib
Framework search paths:
	/Library/Frameworks/
	/System/Library/Frameworks/


Parsed CXX implicit link information from above output:
  link line regex: [^( *|.*[/\])(ld|([^/\]+-)?ld|collect2)[^/\]*( |$)]
  ignore line: [Change Dir: /Users/kareth/code/studia/piro/caffe/CMakeFiles/CMakeTmp]
  ignore line: []
  ignore line: [Run Build Command:/usr/bin/make "cmTryCompileExec3477046621/fast"]
  ignore line: [/Applications/Xcode.app/Contents/Developer/usr/bin/make -f CMakeFiles/cmTryCompileExec3477046621.dir/build.make CMakeFiles/cmTryCompileExec3477046621.dir/build]
  ignore line: [/usr/local/Cellar/cmake/2.8.12.2/bin/cmake -E cmake_progress_report /Users/kareth/code/studia/piro/caffe/CMakeFiles/CMakeTmp/CMakeFiles 1]
  ignore line: [Building CXX object CMakeFiles/cmTryCompileExec3477046621.dir/CMakeCXXCompilerABI.cpp.o]
  ignore line: [/usr/bin/c++     -o CMakeFiles/cmTryCompileExec3477046621.dir/CMakeCXXCompilerABI.cpp.o -c /usr/local/Cellar/cmake/2.8.12.2/share/cmake/Modules/CMakeCXXCompilerABI.cpp]
  ignore line: [Linking CXX executable cmTryCompileExec3477046621]
  ignore line: [/usr/local/Cellar/cmake/2.8.12.2/bin/cmake -E cmake_link_script CMakeFiles/cmTryCompileExec3477046621.dir/link.txt --verbose=1]
  ignore line: [/usr/bin/c++     -Wl,-search_paths_first -Wl,-headerpad_max_install_names -v -Wl,-v CMakeFiles/cmTryCompileExec3477046621.dir/CMakeCXXCompilerABI.cpp.o  -o cmTryCompileExec3477046621   ]
  ignore line: [Apple LLVM version 5.1 (clang-503.0.40) (based on LLVM 3.4svn)]
  ignore line: [Target: x86_64-apple-darwin13.1.0]
  ignore line: [Thread model: posix]
  link line: [ "/Applications/Xcode.app/Contents/Developer/Toolchains/XcodeDefault.xctoolchain/usr/bin/ld" -demangle -dynamic -arch x86_64 -macosx_version_min 10.9.0 -o cmTryCompileExec3477046621 -search_paths_first -headerpad_max_install_names -v CMakeFiles/cmTryCompileExec3477046621.dir/CMakeCXXCompilerABI.cpp.o -lc++ -lSystem /Applications/Xcode.app/Contents/Developer/Toolchains/XcodeDefault.xctoolchain/usr/bin/../lib/clang/5.1/lib/darwin/libclang_rt.osx.a]
    arg [/Applications/Xcode.app/Contents/Developer/Toolchains/XcodeDefault.xctoolchain/usr/bin/ld] ==> ignore
    arg [-demangle] ==> ignore
    arg [-dynamic] ==> ignore
    arg [-arch] ==> ignore
    arg [x86_64] ==> ignore
    arg [-macosx_version_min] ==> ignore
    arg [10.9.0] ==> ignore
    arg [-o] ==> ignore
    arg [cmTryCompileExec3477046621] ==> ignore
    arg [-search_paths_first] ==> ignore
    arg [-headerpad_max_install_names] ==> ignore
    arg [-v] ==> ignore
    arg [CMakeFiles/cmTryCompileExec3477046621.dir/CMakeCXXCompilerABI.cpp.o] ==> ignore
    arg [-lc++] ==> lib [c++]
    arg [-lSystem] ==> lib [System]
    arg [/Applications/Xcode.app/Contents/Developer/Toolchains/XcodeDefault.xctoolchain/usr/bin/../lib/clang/5.1/lib/darwin/libclang_rt.osx.a] ==> lib [/Applications/Xcode.app/Contents/Developer/Toolchains/XcodeDefault.xctoolchain/usr/bin/../lib/clang/5.1/lib/darwin/libclang_rt.osx.a]
  Library search paths: [;/usr/lib;/usr/local/lib]
  Framework search paths: [;/Library/Frameworks/;/System/Library/Frameworks/]
  remove lib [System]
  collapse lib [/Applications/Xcode.app/Contents/Developer/Toolchains/XcodeDefault.xctoolchain/usr/bin/../lib/clang/5.1/lib/darwin/libclang_rt.osx.a] ==> [/Applications/Xcode.app/Contents/Developer/Toolchains/XcodeDefault.xctoolchain/usr/lib/clang/5.1/lib/darwin/libclang_rt.osx.a]
  collapse library dir [/usr/lib] ==> [/usr/lib]
  collapse library dir [/usr/local/lib] ==> [/usr/local/lib]
  collapse framework dir [/Library/Frameworks/] ==> [/Library/Frameworks]
  collapse framework dir [/System/Library/Frameworks/] ==> [/System/Library/Frameworks]
  implicit libs: [c++;/Applications/Xcode.app/Contents/Developer/Toolchains/XcodeDefault.xctoolchain/usr/lib/clang/5.1/lib/darwin/libclang_rt.osx.a]
  implicit dirs: [/usr/lib;/usr/local/lib]
  implicit fwks: [/Library/Frameworks;/System/Library/Frameworks]


Determining if files pthread.h exist passed with the following output:
Change Dir: /Users/kareth/code/studia/piro/caffe/CMakeFiles/CMakeTmp

Run Build Command:/usr/bin/make "cmTryCompileExec255723754/fast"
/Applications/Xcode.app/Contents/Developer/usr/bin/make -f CMakeFiles/cmTryCompileExec255723754.dir/build.make CMakeFiles/cmTryCompileExec255723754.dir/build
/usr/local/Cellar/cmake/2.8.12.2/bin/cmake -E cmake_progress_report /Users/kareth/code/studia/piro/caffe/CMakeFiles/CMakeTmp/CMakeFiles 1
Building C object CMakeFiles/cmTryCompileExec255723754.dir/CheckIncludeFiles.c.o
/usr/bin/cc    -o CMakeFiles/cmTryCompileExec255723754.dir/CheckIncludeFiles.c.o   -c /Users/kareth/code/studia/piro/caffe/CMakeFiles/CMakeTmp/CheckIncludeFiles.c
Linking C executable cmTryCompileExec255723754
/usr/local/Cellar/cmake/2.8.12.2/bin/cmake -E cmake_link_script CMakeFiles/cmTryCompileExec255723754.dir/link.txt --verbose=1
/usr/bin/cc    -Wl,-search_paths_first -Wl,-headerpad_max_install_names   CMakeFiles/cmTryCompileExec255723754.dir/CheckIncludeFiles.c.o  -o cmTryCompileExec255723754  


Determining if the pthread_create exist passed with the following output:
Change Dir: /Users/kareth/code/studia/piro/caffe/CMakeFiles/CMakeTmp

Run Build Command:/usr/bin/make "cmTryCompileExec838583694/fast"
/Applications/Xcode.app/Contents/Developer/usr/bin/make -f CMakeFiles/cmTryCompileExec838583694.dir/build.make CMakeFiles/cmTryCompileExec838583694.dir/build
/usr/local/Cellar/cmake/2.8.12.2/bin/cmake -E cmake_progress_report /Users/kareth/code/studia/piro/caffe/CMakeFiles/CMakeTmp/CMakeFiles 1
Building C object CMakeFiles/cmTryCompileExec838583694.dir/CheckSymbolExists.c.o
/usr/bin/cc    -o CMakeFiles/cmTryCompileExec838583694.dir/CheckSymbolExists.c.o   -c /Users/kareth/code/studia/piro/caffe/CMakeFiles/CMakeTmp/CheckSymbolExists.c
Linking C executable cmTryCompileExec838583694
/usr/local/Cellar/cmake/2.8.12.2/bin/cmake -E cmake_link_script CMakeFiles/cmTryCompileExec838583694.dir/link.txt --verbose=1
/usr/bin/cc    -Wl,-search_paths_first -Wl,-headerpad_max_install_names   CMakeFiles/cmTryCompileExec838583694.dir/CheckSymbolExists.c.o  -o cmTryCompileExec838583694  

File /Users/kareth/code/studia/piro/caffe/CMakeFiles/CMakeTmp/CheckSymbolExists.c:
/* */
#include <pthread.h>

int main(int argc, char** argv)
{
  (void)argv;
#ifndef pthread_create
  return ((int*)(&pthread_create))[argc];
#else
  (void)argc;
  return 0;
#endif
}

